# JRE version: OpenJDK Runtime Environment Temurin-21.0.11+10 (21.0.11+10) (build 21.0.11+10-LTS)
# Java VM: OpenJDK 64-Bit Server VM Temurin-21.0.11+10 (21.0.11+10-LTS, mixed mode, sharing, tiered, compressed oops, compressed class ptrs, parallel gc, windows-amd64)
GC Precious Log:
 CardTable entry size: 512
 CPUs: 4 total, 4 available
 Memory: 7915M
 Large Page Support: Disabled
 NUMA Support: Disabled
 Compressed Oops: Enabled (32-bit)
 Alignments: Space 512K, Generation 512K, Heap 2M
 Heap Min Capacity: 100M
 Heap Initial Capacity: 100M
 Heap Max Capacity: 2G
 Pre-touch: Disabled
 Parallel Workers: 4
Heap:
 PSYoungGen      total 6656K, used 5530K [0x00000000d5580000, 0x00000000d5e80000, 0x0000000100000000)
  eden space 6144K, 81% used [0x00000000d5580000,0x00000000d5a66950,0x00000000d5b80000)
  from space 512K, 100% used [0x00000000d5e00000,0x00000000d5e80000,0x00000000d5e80000)
  to   space 1536K, 0% used [0x00000000d5b80000,0x00000000d5b80000,0x00000000d5d00000)
 ParOldGen       total 904704K, used 904246K [0x0000000080000000, 0x00000000b7380000, 0x00000000d5580000)
  object space 904704K, 99% used [0x0000000080000000,0x00000000b730d8e8,0x00000000b7380000)
 Metaspace       used 81167K, committed 82880K, reserved 1179648K
  class space    used 8604K, committed 9344K, reserved 1048576K
GC Heap History (20 events):
Event: 2181.781 GC heap before
{Heap before GC invocations=1580 (full 3):
 PSYoungGen      total 4608K, used 4231K [0x00000000d5580000, 0x00000000d5b00000, 0x0000000100000000)
  eden space 4096K, 94% used [0x00000000d5580000,0x00000000d5949cd8,0x00000000d5980000)
  from space 512K, 68% used [0x00000000d5a00000,0x00000000d5a58000,0x00000000d5a80000)
  to   space 512K, 0% used [0x00000000d5980000,0x00000000d5980000,0x00000000d5a00000)
 ParOldGen       total 897024K, used 896565K [0x0000000080000000, 0x00000000b6c00000, 0x00000000d5580000)
  object space 897024K, 99% used [0x0000000080000000,0x00000000b6b8d468,0x00000000b6c00000)
 Metaspace       used 81065K, committed 82816K, reserved 1179648K
  class space    used 8596K, committed 9344K, reserved 1048576K
}
Event: 2181.784 GC heap after
{Heap after GC invocations=1580 (full 3):
 PSYoungGen      total 4608K, used 495K [0x00000000d5580000, 0x00000000d6080000, 0x0000000100000000)
  eden space 4096K, 0% used [0x00000000d5580000,0x00000000d5580000,0x00000000d5980000)
  from space 512K, 96% used [0x00000000d5980000,0x00000000d59fbda8,0x00000000d5a00000)
  to   space 3072K, 0% used [0x00000000d5d80000,0x00000000d5d80000,0x00000000d6080000)
 ParOldGen       total 899072K, used 898663K [0x0000000080000000, 0x00000000b6e00000, 0x00000000d5580000)
  object space 899072K, 99% used [0x0000000080000000,0x00000000b6d99d68,0x00000000b6e00000)
 Metaspace       used 81065K, committed 82816K, reserved 1179648K
  class space    used 8596K, committed 9344K, reserved 1048576K
}
Event: 2181.792 GC heap before
{Heap before GC invocations=1581 (full 3):
 PSYoungGen      total 4608K, used 4501K [0x00000000d5580000, 0x00000000d6080000, 0x0000000100000000)
  eden space 4096K, 97% used [0x00000000d5580000,0x00000000d59698c8,0x00000000d5980000)
  from space 512K, 96% used [0x00000000d5980000,0x00000000d59fbda8,0x00000000d5a00000)
  to   space 3072K, 0% used [0x00000000d5d80000,0x00000000d5d80000,0x00000000d6080000)
 ParOldGen       total 899072K, used 898663K [0x0000000080000000, 0x00000000b6e00000, 0x00000000d5580000)
  object space 899072K, 99% used [0x0000000080000000,0x00000000b6d99d68,0x00000000b6e00000)
 Metaspace       used 81070K, committed 82816K, reserved 1179648K
  class space    used 8596K, committed 9344K, reserved 1048576K
}
Event: 2181.794 GC heap after
{Heap after GC invocations=1581 (full 3):
 PSYoungGen      total 5632K, used 224K [0x00000000d5580000, 0x00000000d5e00000, 0x0000000100000000)
  eden space 5120K, 0% used [0x00000000d5580000,0x00000000d5580000,0x00000000d5a80000)
  from space 512K, 43% used [0x00000000d5d80000,0x00000000d5db8000,0x00000000d5e00000)
  to   space 1536K, 0% used [0x00000000d5b00000,0x00000000d5b00000,0x00000000d5c80000)
 ParOldGen       total 899072K, used 898965K [0x0000000080000000, 0x00000000b6e00000, 0x00000000d5580000)
  object space 899072K, 99% used [0x0000000080000000,0x00000000b6de5530,0x00000000b6e00000)
 Metaspace       used 81070K, committed 82816K, reserved 1179648K
  class space    used 8596K, committed 9344K, reserved 1048576K
}
Event: 2181.824 GC heap before
{Heap before GC invocations=1582 (full 3):
 PSYoungGen      total 5632K, used 5344K [0x00000000d5580000, 0x00000000d5e00000, 0x0000000100000000)
  eden space 5120K, 100% used [0x00000000d5580000,0x00000000d5a80000,0x00000000d5a80000)
  from space 512K, 43% used [0x00000000d5d80000,0x00000000d5db8000,0x00000000d5e00000)
  to   space 1536K, 0% used [0x00000000d5b00000,0x00000000d5b00000,0x00000000d5c80000)
 ParOldGen       total 899072K, used 898965K [0x0000000080000000, 0x00000000b6e00000, 0x00000000d5580000)
  object space 899072K, 99% used [0x0000000080000000,0x00000000b6de5530,0x00000000b6e00000)
 Metaspace       used 81085K, committed 82816K, reserved 1179648K
  class space    used 8596K, committed 9344K, reserved 1048576K
}
Event: 2181.828 GC heap after
{Heap after GC invocations=1582 (full 3):
 PSYoungGen      total 6656K, used 832K [0x00000000d5580000, 0x00000000d5e00000, 0x0000000100000000)
  eden space 5120K, 0% used [0x00000000d5580000,0x00000000d5580000,0x00000000d5a80000)
  from space 1536K, 54% used [0x00000000d5b00000,0x00000000d5bd0000,0x00000000d5c80000)
  to   space 1024K, 0% used [0x00000000d5d00000,0x00000000d5d00000,0x00000000d5e00000)
 ParOldGen       total 899584K, used 899117K [0x0000000080000000, 0x00000000b6e80000, 0x00000000d5580000)
  object space 899584K, 99% used [0x0000000080000000,0x00000000b6e0b530,0x00000000b6e80000)
 Metaspace       used 81085K, committed 82816K, reserved 1179648K
  class space    used 8596K, committed 9344K, reserved 1048576K
}
Event: 2181.839 GC heap before
{Heap before GC invocations=1583 (full 3):
 PSYoungGen      total 6656K, used 4445K [0x00000000d5580000, 0x00000000d5e00000, 0x0000000100000000)
  eden space 5120K, 70% used [0x00000000d5580000,0x00000000d59077d8,0x00000000d5a80000)
  from space 1536K, 54% used [0x00000000d5b00000,0x00000000d5bd0000,0x00000000d5c80000)
  to   space 1024K, 0% used [0x00000000d5d00000,0x00000000d5d00000,0x00000000d5e00000)
 ParOldGen       total 899584K, used 899117K [0x0000000080000000, 0x00000000b6e80000, 0x00000000d5580000)
  object space 899584K, 99% used [0x0000000080000000,0x00000000b6e0b530,0x00000000b6e80000)
 Metaspace       used 81085K, committed 82816K, reserved 1179648K
  class space    used 8596K, committed 9344K, reserved 1048576K
}
Event: 2181.842 GC heap after
{Heap after GC invocations=1583 (full 3):
 PSYoungGen      total 6656K, used 96K [0x00000000d5580000, 0x00000000d5d80000, 0x0000000100000000)
  eden space 6144K, 0% used [0x00000000d5580000,0x00000000d5580000,0x00000000d5b80000)
  from space 512K, 18% used [0x00000000d5d00000,0x00000000d5d18000,0x00000000d5d80000)
  to   space 512K, 0% used [0x00000000d5c80000,0x00000000d5c80000,0x00000000d5d00000)
 ParOldGen       total 900096K, used 899813K [0x0000000080000000, 0x00000000b6f00000, 0x00000000d5580000)
  object space 900096K, 99% used [0x0000000080000000,0x00000000b6eb9530,0x00000000b6f00000)
 Metaspace       used 81085K, committed 82816K, reserved 1179648K
  class space    used 8596K, committed 9344K, reserved 1048576K
}
Event: 2181.858 GC heap before
{Heap before GC invocations=1584 (full 3):
 PSYoungGen      total 6656K, used 5831K [0x00000000d5580000, 0x00000000d5d80000, 0x0000000100000000)
  eden space 6144K, 93% used [0x00000000d5580000,0x00000000d5b19d28,0x00000000d5b80000)
  from space 512K, 18% used [0x00000000d5d00000,0x00000000d5d18000,0x00000000d5d80000)
  to   space 512K, 0% used [0x00000000d5c80000,0x00000000d5c80000,0x00000000d5d00000)
 ParOldGen       total 900096K, used 899813K [0x0000000080000000, 0x00000000b6f00000, 0x00000000d5580000)
  object space 900096K, 99% used [0x0000000080000000,0x00000000b6eb9530,0x00000000b6f00000)
 Metaspace       used 81085K, committed 82816K, reserved 1179648K
  class space    used 8596K, committed 9344K, reserved 1048576K
}
Event: 2181.861 GC heap after
{Heap after GC invocations=1584 (full 3):
 PSYoungGen      total 6656K, used 508K [0x00000000d5580000, 0x00000000d6180000, 0x0000000100000000)
  eden space 6144K, 0% used [0x00000000d5580000,0x00000000d5580000,0x00000000d5b80000)
  from space 512K, 99% used [0x00000000d5c80000,0x00000000d5cff128,0x00000000d5d00000)
  to   space 3072K, 0% used [0x00000000d5e80000,0x00000000d5e80000,0x00000000d6180000)
 ParOldGen       total 902144K, used 901919K [0x0000000080000000, 0x00000000b7100000, 0x00000000d5580000)
  object space 902144K, 99% used [0x0000000080000000,0x00000000b70c7db0,0x00000000b7100000)
 Metaspace       used 81085K, committed 82816K, reserved 1179648K
  class space    used 8596K, committed 9344K, reserved 1048576K
}
Event: 2181.900 GC heap before
{Heap before GC invocations=1585 (full 3):
 PSYoungGen      total 6656K, used 6325K [0x00000000d5580000, 0x00000000d6180000, 0x0000000100000000)
  eden space 6144K, 94% used [0x00000000d5580000,0x00000000d5b2e6c8,0x00000000d5b80000)
  from space 512K, 99% used [0x00000000d5c80000,0x00000000d5cff128,0x00000000d5d00000)
  to   space 3072K, 0% used [0x00000000d5e80000,0x00000000d5e80000,0x00000000d6180000)
 ParOldGen       total 902144K, used 901919K [0x0000000080000000, 0x00000000b7100000, 0x00000000d5580000)
  object space 902144K, 99% used [0x0000000080000000,0x00000000b70c7db0,0x00000000b7100000)
 Metaspace       used 81105K, committed 82816K, reserved 1179648K
  class space    used 8596K, committed 9344K, reserved 1048576K
}
Event: 2181.904 GC heap after
{Heap after GC invocations=1585 (full 3):
 PSYoungGen      total 7168K, used 736K [0x00000000d5580000, 0x00000000d5f80000, 0x0000000100000000)
  eden space 6144K, 0% used [0x00000000d5580000,0x00000000d5580000,0x00000000d5b80000)
  from space 1024K, 71% used [0x00000000d5e80000,0x00000000d5f38000,0x00000000d5f80000)
  to   space 1536K, 0% used [0x00000000d5c80000,0x00000000d5c80000,0x00000000d5e00000)
 ParOldGen       total 902656K, used 902342K [0x0000000080000000, 0x00000000b7180000, 0x00000000d5580000)
  object space 902656K, 99% used [0x0000000080000000,0x00000000b71318e8,0x00000000b7180000)
 Metaspace       used 81105K, committed 82816K, reserved 1179648K
  class space    used 8596K, committed 9344K, reserved 1048576K
}
Event: 2181.928 GC heap before
{Heap before GC invocations=1586 (full 3):
 PSYoungGen      total 7168K, used 6879K [0x00000000d5580000, 0x00000000d5f80000, 0x0000000100000000)
  eden space 6144K, 99% used [0x00000000d5580000,0x00000000d5b7fff0,0x00000000d5b80000)
  from space 1024K, 71% used [0x00000000d5e80000,0x00000000d5f38000,0x00000000d5f80000)
  to   space 1536K, 0% used [0x00000000d5c80000,0x00000000d5c80000,0x00000000d5e00000)
 ParOldGen       total 902656K, used 902342K [0x0000000080000000, 0x00000000b7180000, 0x00000000d5580000)
  object space 902656K, 99% used [0x0000000080000000,0x00000000b71318e8,0x00000000b7180000)
 Metaspace       used 81105K, committed 82816K, reserved 1179648K
  class space    used 8596K, committed 9344K, reserved 1048576K
}
Event: 2181.933 GC heap after
{Heap after GC invocations=1586 (full 3):
 PSYoungGen      total 7680K, used 224K [0x00000000d5580000, 0x00000000d5f00000, 0x0000000100000000)
  eden space 6144K, 0% used [0x00000000d5580000,0x00000000d5580000,0x00000000d5b80000)
  from space 1536K, 14% used [0x00000000d5c80000,0x00000000d5cb8000,0x00000000d5e00000)
  to   space 1024K, 0% used [0x00000000d5e00000,0x00000000d5e00000,0x00000000d5f00000)
 ParOldGen       total 903168K, used 902990K [0x0000000080000000, 0x00000000b7200000, 0x00000000d5580000)
  object space 903168K, 99% used [0x0000000080000000,0x00000000b71d38e8,0x00000000b7200000)
 Metaspace       used 81105K, committed 82816K, reserved 1179648K
  class space    used 8596K, committed 9344K, reserved 1048576K
}
Event: 2181.967 GC heap before
{Heap before GC invocations=1587 (full 3):
 PSYoungGen      total 7680K, used 5857K [0x00000000d5580000, 0x00000000d5f00000, 0x0000000100000000)
  eden space 6144K, 91% used [0x00000000d5580000,0x00000000d5b00788,0x00000000d5b80000)
  from space 1536K, 14% used [0x00000000d5c80000,0x00000000d5cb8000,0x00000000d5e00000)
  to   space 1024K, 0% used [0x00000000d5e00000,0x00000000d5e00000,0x00000000d5f00000)
 ParOldGen       total 903168K, used 902990K [0x0000000080000000, 0x00000000b7200000, 0x00000000d5580000)
  object space 903168K, 99% used [0x0000000080000000,0x00000000b71d38e8,0x00000000b7200000)
 Metaspace       used 81111K, committed 82816K, reserved 1179648K
  class space    used 8596K, committed 9344K, reserved 1048576K
}
Event: 2181.969 GC heap after
{Heap after GC invocations=1587 (full 3):
 PSYoungGen      total 7168K, used 768K [0x00000000d5580000, 0x00000000d5f00000, 0x0000000100000000)
  eden space 6144K, 0% used [0x00000000d5580000,0x00000000d5580000,0x00000000d5b80000)
  from space 1024K, 75% used [0x00000000d5e00000,0x00000000d5ec0000,0x00000000d5f00000)
  to   space 1024K, 0% used [0x00000000d5d00000,0x00000000d5d00000,0x00000000d5e00000)
 ParOldGen       total 903168K, used 903142K [0x0000000080000000, 0x00000000b7200000, 0x00000000d5580000)
  object space 903168K, 99% used [0x0000000080000000,0x00000000b71f98e8,0x00000000b7200000)
 Metaspace       used 81111K, committed 82816K, reserved 1179648K
  class space    used 8596K, committed 9344K, reserved 1048576K
}
Event: 2181.990 GC heap before
{Heap before GC invocations=1588 (full 3):
 PSYoungGen      total 7168K, used 6911K [0x00000000d5580000, 0x00000000d5f00000, 0x0000000100000000)
  eden space 6144K, 99% used [0x00000000d5580000,0x00000000d5b7fff8,0x00000000d5b80000)
  from space 1024K, 75% used [0x00000000d5e00000,0x00000000d5ec0000,0x00000000d5f00000)
  to   space 1024K, 0% used [0x00000000d5d00000,0x00000000d5d00000,0x00000000d5e00000)
 ParOldGen       total 903168K, used 903142K [0x0000000080000000, 0x00000000b7200000, 0x00000000d5580000)
  object space 903168K, 99% used [0x0000000080000000,0x00000000b71f98e8,0x00000000b7200000)
 Metaspace       used 81115K, committed 82816K, reserved 1179648K
  class space    used 8596K, committed 9344K, reserved 1048576K
}
Event: 2181.992 GC heap after
{Heap after GC invocations=1588 (full 3):
 PSYoungGen      total 7168K, used 192K [0x00000000d5580000, 0x00000000d5e80000, 0x0000000100000000)
  eden space 6144K, 0% used [0x00000000d5580000,0x00000000d5580000,0x00000000d5b80000)
  from space 1024K, 18% used [0x00000000d5d00000,0x00000000d5d30000,0x00000000d5e00000)
  to   space 512K, 0% used [0x00000000d5e00000,0x00000000d5e00000,0x00000000d5e80000)
 ParOldGen       total 904192K, used 903846K [0x0000000080000000, 0x00000000b7300000, 0x00000000d5580000)
  object space 904192K, 99% used [0x0000000080000000,0x00000000b72a98e8,0x00000000b7300000)
 Metaspace       used 81115K, committed 82816K, reserved 1179648K
  class space    used 8596K, committed 9344K, reserved 1048576K
}
Event: 2182.021 GC heap before
{Heap before GC invocations=1589 (full 3):
 PSYoungGen      total 7168K, used 5516K [0x00000000d5580000, 0x00000000d5e80000, 0x0000000100000000)
  eden space 6144K, 86% used [0x00000000d5580000,0x00000000d5ab33a0,0x00000000d5b80000)
  from space 1024K, 18% used [0x00000000d5d00000,0x00000000d5d30000,0x00000000d5e00000)
  to   space 512K, 0% used [0x00000000d5e00000,0x00000000d5e00000,0x00000000d5e80000)
 ParOldGen       total 904192K, used 903846K [0x0000000080000000, 0x00000000b7300000, 0x00000000d5580000)
  object space 904192K, 99% used [0x0000000080000000,0x00000000b72a98e8,0x00000000b7300000)
 Metaspace       used 81127K, committed 82816K, reserved 1179648K
  class space    used 8596K, committed 9344K, reserved 1048576K
}
Event: 2182.024 GC heap after
{Heap after GC invocations=1589 (full 3):
 PSYoungGen      total 6656K, used 512K [0x00000000d5580000, 0x00000000d5e80000, 0x0000000100000000)
  eden space 6144K, 0% used [0x00000000d5580000,0x00000000d5580000,0x00000000d5b80000)
  from space 512K, 100% used [0x00000000d5e00000,0x00000000d5e80000,0x00000000d5e80000)
  to   space 1536K, 0% used [0x00000000d5b80000,0x00000000d5b80000,0x00000000d5d00000)
 ParOldGen       total 904704K, used 904246K [0x0000000080000000, 0x00000000b7380000, 0x00000000d5580000)
  object space 904704K, 99% used [0x0000000080000000,0x00000000b730d8e8,0x00000000b7380000)
 Metaspace       used 81127K, committed 82816K, reserved 1179648K
  class space    used 8596K, committed 9344K, reserved 1048576K
}

